[2m2020-06-12 00:18:26.233[0;39m [33m WARN[0;39m [35m81749[0;39m [2m---[0;39m [2m[l-3 housekeeper][0;39m [36mcom.zaxxer.hikari.pool.HikariPool       [0;39m [2m:[0;39m HikariPool-3 - Thread starvation or clock leap detected (housekeeper delta=29m45s940ms).
[2m2020-06-12 00:24:24.320[0;39m [33m WARN[0;39m [35m81749[0;39m [2m---[0;39m [2m[l-3 housekeeper][0;39m [36mcom.zaxxer.hikari.pool.HikariPool       [0;39m [2m:[0;39m HikariPool-3 - Thread starvation or clock leap detected (housekeeper delta=5m58s87ms).
[2m2020-06-12 00:35:34.781[0;39m [33m WARN[0;39m [35m81749[0;39m [2m---[0;39m [2m[l-3 housekeeper][0;39m [36mcom.zaxxer.hikari.pool.HikariPool       [0;39m [2m:[0;39m HikariPool-3 - Thread starvation or clock leap detected (housekeeper delta=11m10s461ms).
[2m2020-06-12 00:50:30.009[0;39m [33m WARN[0;39m [35m81749[0;39m [2m---[0;39m [2m[l-3 housekeeper][0;39m [36mcom.zaxxer.hikari.pool.HikariPool       [0;39m [2m:[0;39m HikariPool-3 - Thread starvation or clock leap detected (housekeeper delta=14m55s228ms).
[2m2020-06-12 01:05:46.015[0;39m [33m WARN[0;39m [35m81749[0;39m [2m---[0;39m [2m[l-3 housekeeper][0;39m [36mcom.zaxxer.hikari.pool.HikariPool       [0;39m [2m:[0;39m HikariPool-3 - Thread starvation or clock leap detected (housekeeper delta=15m16s6ms).
[2m2020-06-12 01:12:11.241[0;39m [33m WARN[0;39m [35m81749[0;39m [2m---[0;39m [2m[l-3 housekeeper][0;39m [36mcom.zaxxer.hikari.pool.HikariPool       [0;39m [2m:[0;39m HikariPool-3 - Thread starvation or clock leap detected (housekeeper delta=5m55s214ms).
[2m2020-06-12 01:49:36.822[0;39m [33m WARN[0;39m [35m81749[0;39m [2m---[0;39m [2m[l-3 housekeeper][0;39m [36mcom.zaxxer.hikari.pool.HikariPool       [0;39m [2m:[0;39m HikariPool-3 - Thread starvation or clock leap detected (housekeeper delta=37m25s582ms).
[2m2020-06-12 09:50:00.262[0;39m [33m WARN[0;39m [35m81749[0;39m [2m---[0;39m [2m[l-3 housekeeper][0;39m [36mcom.zaxxer.hikari.pool.HikariPool       [0;39m [2m:[0;39m HikariPool-3 - Thread starvation or clock leap detected (housekeeper delta=5m15s800ms).
[2m2020-06-12 10:17:31.330[0;39m [33m WARN[0;39m [35m81749[0;39m [2m---[0;39m [2m[l-3 housekeeper][0;39m [36mcom.zaxxer.hikari.pool.HikariPool       [0;39m [2m:[0;39m HikariPool-3 - Thread starvation or clock leap detected (housekeeper delta=27m31s68ms).
[2m2020-06-12 10:32:45.200[0;39m [33m WARN[0;39m [35m81749[0;39m [2m---[0;39m [2m[l-3 housekeeper][0;39m [36mcom.zaxxer.hikari.pool.HikariPool       [0;39m [2m:[0;39m HikariPool-3 - Thread starvation or clock leap detected (housekeeper delta=14m3s475ms).
[2m2020-06-12 10:43:03.012[0;39m [33m WARN[0;39m [35m81749[0;39m [2m---[0;39m [2m[l-3 housekeeper][0;39m [36mcom.zaxxer.hikari.pool.HikariPool       [0;39m [2m:[0;39m HikariPool-3 - Thread starvation or clock leap detected (housekeeper delta=10m17s812ms).
[2m2020-06-12 10:49:52.283[0;39m [32mDEBUG[0;39m [35m81749[0;39m [2m---[0;39m [2m[nio-9999-exec-2][0;39m [36mc.s.happyhouse.controller.QnAController [0;39m [2m:[0;39m retrieveBoard - 호출
[2m2020-06-12 12:36:47.414[0;39m [32mDEBUG[0;39m [35m81749[0;39m [2m---[0;39m [2m[nio-9999-exec-4][0;39m [36mc.s.happyhouse.controller.QnAController [0;39m [2m:[0;39m retrieveBoard - 호출
[2m2020-06-12 13:00:57.297[0;39m [32mDEBUG[0;39m [35m81749[0;39m [2m---[0;39m [2m[nio-9999-exec-6][0;39m [36mc.s.happyhouse.controller.QnAController [0;39m [2m:[0;39m retrieveBoard - 호출
[2m2020-06-12 13:03:25.396[0;39m [32mDEBUG[0;39m [35m81749[0;39m [2m---[0;39m [2m[nio-9999-exec-8][0;39m [36mc.s.happyhouse.controller.QnAController [0;39m [2m:[0;39m retrieveBoard - 호출
[2m2020-06-12 13:17:09.182[0;39m [32mDEBUG[0;39m [35m81749[0;39m [2m---[0;39m [2m[io-9999-exec-10][0;39m [36mc.s.happyhouse.controller.QnAController [0;39m [2m:[0;39m retrieveBoard - 호출
[2m2020-06-12 13:23:50.797[0;39m [32mDEBUG[0;39m [35m81749[0;39m [2m---[0;39m [2m[nio-9999-exec-2][0;39m [36mc.s.happyhouse.controller.QnAController [0;39m [2m:[0;39m retrieveBoard - 호출
[2m2020-06-12 16:03:21.127[0;39m [33m WARN[0;39m [35m81749[0;39m [2m---[0;39m [2m[l-3 housekeeper][0;39m [36mcom.zaxxer.hikari.pool.HikariPool       [0;39m [2m:[0;39m HikariPool-3 - Thread starvation or clock leap detected (housekeeper delta=3m44s781ms).
[2m2020-06-12 16:10:25.369[0;39m [33m WARN[0;39m [35m81749[0;39m [2m---[0;39m [2m[l-3 housekeeper][0;39m [36mcom.zaxxer.hikari.pool.HikariPool       [0;39m [2m:[0;39m HikariPool-3 - Thread starvation or clock leap detected (housekeeper delta=5m57s819ms).
[2m2020-06-12 16:11:38.380[0;39m [33m WARN[0;39m [35m81749[0;39m [2m---[0;39m [2m[l-3 housekeeper][0;39m [36mcom.zaxxer.hikari.pool.HikariPool       [0;39m [2m:[0;39m HikariPool-3 - Retrograde clock change detected (housekeeper delta=29s469ms), soft-evicting connections from pool.
[2m2020-06-12 18:11:11.390[0;39m [33m WARN[0;39m [35m81749[0;39m [2m---[0;39m [2m[l-3 housekeeper][0;39m [36mcom.zaxxer.hikari.pool.HikariPool       [0;39m [2m:[0;39m HikariPool-3 - Thread starvation or clock leap detected (housekeeper delta=1h59m33s11ms).
[2m2020-06-12 18:54:20.981[0;39m [33m WARN[0;39m [35m81749[0;39m [2m---[0;39m [2m[l-3 housekeeper][0;39m [36mcom.zaxxer.hikari.pool.HikariPool       [0;39m [2m:[0;39m HikariPool-3 - Thread starvation or clock leap detected (housekeeper delta=43m9s591ms).
[2m2020-06-12 22:23:40.613[0;39m [33m WARN[0;39m [35m81749[0;39m [2m---[0;39m [2m[l-3 housekeeper][0;39m [36mcom.zaxxer.hikari.pool.HikariPool       [0;39m [2m:[0;39m HikariPool-3 - Thread starvation or clock leap detected (housekeeper delta=3h28m6s610ms).
[2m2020-06-12 22:36:21.496[0;39m [33m WARN[0;39m [35m81749[0;39m [2m---[0;39m [2m[l-3 housekeeper][0;39m [36mcom.zaxxer.hikari.pool.HikariPool       [0;39m [2m:[0;39m HikariPool-3 - Thread starvation or clock leap detected (housekeeper delta=12m10s879ms).
